<?xml version="1.0" encoding="UTF-8"?>
<testsuite name="com.example.demo.ClienteServiceTests" tests="3" skipped="0" failures="0" errors="0" timestamp="2024-02-21T15:05:28" hostname="cmisaico-Prestige-14Evo-A11M" time="0.031">
  <properties/>
  <testcase name="testGetClientes()" classname="com.example.demo.ClienteServiceTests" time="0.01"/>
  <testcase name="testCreateCliente()" classname="com.example.demo.ClienteServiceTests" time="0.014"/>
  <testcase name="testUpdateCliente()" classname="com.example.demo.ClienteServiceTests" time="0.005"/>
  <system-out><![CDATA[2024-02-21T10:05:28.318-05:00  INFO 95534 --- [    Test worker] t.c.s.AnnotationConfigContextLoaderUtils : Could not detect default configuration classes for test class [com.example.demo.ClienteServiceTests]: ClienteServiceTests does not declare any static, non-private, non-final, nested classes annotated with @Configuration.
2024-02-21T10:05:28.320-05:00  INFO 95534 --- [    Test worker] .b.t.c.SpringBootTestContextBootstrapper : Found @SpringBootConfiguration com.example.demo.DemoClientsRestApplication for test class com.example.demo.ClienteServiceTests

  .   ____          _            __ _ _
 /\\ / ___'_ __ _ _(_)_ __  __ _ \ \ \ \
( ( )\___ | '_ | '_| | '_ \/ _` | \ \ \ \
 \\/  ___)| |_)| | | | | || (_| |  ) ) ) )
  '  |____| .__|_| |_|_| |_\__, | / / / /
 =========|_|==============|___/=/_/_/_/
 :: Spring Boot ::                (v3.1.8)

2024-02-21T10:05:28.334-05:00  INFO 95534 --- [    Test worker] com.example.demo.ClienteServiceTests     : Starting ClienteServiceTests using Java 17.0.9 with PID 95534 (started by cmisaico in /home/cmisaico/Documents/Proyectos/demo-clients-rest)
2024-02-21T10:05:28.334-05:00  INFO 95534 --- [    Test worker] com.example.demo.ClienteServiceTests     : No active profile set, falling back to 1 default profile: "default"
2024-02-21T10:05:28.417-05:00  INFO 95534 --- [    Test worker] .s.d.r.c.RepositoryConfigurationDelegate : Bootstrapping Spring Data JPA repositories in DEFAULT mode.
2024-02-21T10:05:28.421-05:00  INFO 95534 --- [    Test worker] .s.d.r.c.RepositoryConfigurationDelegate : Finished Spring Data repository scanning in 4 ms. Found 1 JPA repository interface.
2024-02-21T10:05:28.564-05:00  INFO 95534 --- [    Test worker] o.hibernate.jpa.internal.util.LogHelper  : HHH000204: Processing PersistenceUnitInfo [name: default]
2024-02-21T10:05:28.567-05:00  INFO 95534 --- [    Test worker] o.s.o.j.p.SpringPersistenceUnitInfo      : No LoadTimeWeaver setup: ignoring JPA class transformer
2024-02-21T10:05:28.568-05:00  INFO 95534 --- [    Test worker] com.zaxxer.hikari.HikariDataSource       : HikariPool-2 - Starting...
2024-02-21T10:05:28.568-05:00  INFO 95534 --- [    Test worker] com.zaxxer.hikari.pool.HikariPool        : HikariPool-2 - Added connection conn10: url=jdbc:h2:mem:testdb user=SA
2024-02-21T10:05:28.569-05:00  INFO 95534 --- [    Test worker] com.zaxxer.hikari.HikariDataSource       : HikariPool-2 - Start completed.
2024-02-21T10:05:28.569-05:00  WARN 95534 --- [    Test worker] org.hibernate.orm.deprecation            : HHH90000025: H2Dialect does not need to be specified explicitly using 'hibernate.dialect' (remove the property setting and it will be selected by default)
2024-02-21T10:05:28.589-05:00  INFO 95534 --- [    Test worker] o.h.e.t.j.p.i.JtaPlatformInitiator       : HHH000489: No JTA platform available (set 'hibernate.transaction.jta.platform' to enable JTA platform integration)
2024-02-21T10:05:28.592-05:00  INFO 95534 --- [    Test worker] j.LocalContainerEntityManagerFactoryBean : Initialized JPA EntityManagerFactory for persistence unit 'default'
2024-02-21T10:05:28.651-05:00  WARN 95534 --- [    Test worker] JpaBaseConfiguration$JpaWebConfiguration : spring.jpa.open-in-view is enabled by default. Therefore, database queries may be performed during view rendering. Explicitly configure spring.jpa.open-in-view to disable this warning
2024-02-21T10:05:28.719-05:00  INFO 95534 --- [    Test worker] o.s.b.a.h2.H2ConsoleAutoConfiguration    : H2 console available at '/h2-console'. Database available at 'jdbc:h2:mem:testdb'
2024-02-21T10:05:28.730-05:00  INFO 95534 --- [    Test worker] o.s.b.t.m.w.SpringBootMockServletContext : Initializing Spring TestDispatcherServlet ''
2024-02-21T10:05:28.730-05:00  INFO 95534 --- [    Test worker] o.s.t.web.servlet.TestDispatcherServlet  : Initializing Servlet ''
2024-02-21T10:05:28.731-05:00  INFO 95534 --- [    Test worker] o.s.t.web.servlet.TestDispatcherServlet  : Completed initialization in 1 ms
2024-02-21T10:05:28.736-05:00  INFO 95534 --- [    Test worker] com.example.demo.ClienteServiceTests     : Started ClienteServiceTests in 0.414 seconds (process running for 6.619)
]]></system-out>
  <system-err><![CDATA[]]></system-err>
</testsuite>
